android/gradleBuild/outputs/logs/manifest-merger-debug-report.txt
-- Merging decision tree log ---
manifest
ADDED from CodingHedgehog\android\AndroidManifest.xml:2:1-78:12
MERGED from [org.tensorflow:tensorflow-android:1.13.1] AndroidManifest.xml:2:1-8:12
MERGED from [com.google.android.material:material:1.2.0-alpha05] AndroidManifest.xml:17:1-24:12
MERGED from [androidx.appcompat:appcompat:1.1.0] AndroidManifest.xml:17:1-24:12
MERGED from [androidx.constraintlayout:constraintlayout:1.1.3] AndroidManifest.xml:2:1-11:12
MERGED from [androidx.legacy:legacy-support-v4:1.0.0] AndroidManifest.xml:17:1-22:12
MERGED from [androidx.viewpager2:viewpager2:1.0.0] AndroidManifest.xml:17:1-24:12
MERGED from [androidx.recyclerview:recyclerview:1.1.0] AndroidManifest.xml:17:1-24:12
MERGED from [androidx.legacy:legacy-support-core-ui:1.0.0] AndroidManifest.xml:17:1-22:12
MERGED from [androidx.legacy:legacy-support-core-utils:1.0.0] AndroidManifest.xml:17:1-22:12
MERGED from [androidx.media:media:1.0.0] AndroidManifest.xml:17:1-22:12
MERGED from [androidx.coordinatorlayout:coordinatorlayout:1.1.0] AndroidManifest.xml:17:1-24:12
MERGED from [androidx.transition:transition:1.2.0] AndroidManifest.xml:17:1-24:12
MERGED from [androidx.appcompat:appcompat-resources:1.1.0] AndroidManifest.xml:17:1-24:12
MERGED from [androidx.vectordrawable:vectordrawable-animated:1.1.0] AndroidManifest.xml:17:1-24:12
MERGED from [androidx.vectordrawable:vectordrawable:1.1.0] AndroidManifest.xml:17:1-24:12
MERGED from [androidx.fragment:fragment:1.1.0] AndroidManifest.xml:17:1-24:12
MERGED from [androidx.loader:loader:1.0.0] AndroidManifest.xml:17:1-22:12
MERGED from [androidx.viewpager:viewpager:1.0.0] AndroidManifest.xml:17:1-22:12
MERGED from [androidx.drawerlayout:drawerlayout:1.0.0] AndroidManifest.xml:17:1-22:12
MERGED from [androidx.slidingpanelayout:slidingpanelayout:1.0.0] AndroidManifest.xml:17:1-22:12
MERGED from [androidx.customview:customview:1.0.0] AndroidManifest.xml:17:1-22:12
MERGED from [androidx.swiperefreshlayout:swiperefreshlayout:1.0.0] AndroidManifest.xml:17:1-22:12
MERGED from [androidx.asynclayoutinflater:asynclayoutinflater:1.0.0] AndroidManifest.xml:17:1-22:12
MERGED from [androidx.activity:activity:1.0.0] AndroidManifest.xml:17:1-24:12
MERGED from [androidx.core:core:1.2.0] AndroidManifest.xml:17:1-26:12
MERGED from [androidx.cardview:cardview:1.0.0] AndroidManifest.xml:17:1-22:12
MERGED from [androidx.documentfile:documentfile:1.0.0] AndroidManifest.xml:17:1-22:12
MERGED from [androidx.localbroadcastmanager:localbroadcastmanager:1.0.0] AndroidManifest.xml:17:1-22:12
MERGED from [androidx.print:print:1.0.0] AndroidManifest.xml:17:1-22:12
MERGED from [androidx.interpolator:interpolator:1.0.0] AndroidManifest.xml:17:1-22:12
MERGED from [androidx.cursoradapter:cursoradapter:1.0.0] AndroidManifest.xml:17:1-22:12
MERGED from [androidx.versionedparcelable:versionedparcelable:1.1.0] AndroidManifest.xml:17:1-27:12
MERGED from [androidx.lifecycle:lifecycle-livedata:2.0.0] AndroidManifest.xml:17:1-22:12
MERGED from [androidx.lifecycle:lifecycle-livedata-core:2.0.0] AndroidManifest.xml:17:1-22:12
MERGED from [androidx.arch.core:core-runtime:2.0.0] AndroidManifest.xml:17:1-22:12
MERGED from [androidx.lifecycle:lifecycle-runtime:2.1.0] AndroidManifest.xml:17:1-22:12
MERGED from [androidx.lifecycle:lifecycle-viewmodel:2.1.0] AndroidManifest.xml:17:1-22:12
MERGED from [androidx.savedstate:savedstate:1.0.0] AndroidManifest.xml:17:1-24:12
MERGED from [androidx.annotation:annotation-experimental:1.0.0] AndroidManifest.xml:17:1-24:12
	package
		ADDED from CodingHedgehog\android\AndroidManifest.xml:4:5-34
	xmlns:tools
		ADDED from CodingHedgehog\android\AndroidManifest.xml:3:5-51
	xmlns:android
		ADDED from CodingHedgehog\android\AndroidManifest.xml:2:11-69
uses-permission#android.permission.CAMERA
ADDED from CodingHedgehog\android\AndroidManifest.xml:6:5-65
	android:name
		ADDED from CodingHedgehog\android\AndroidManifest.xml:6:22-62
uses-permission#android.permission.INTERNET
ADDED from CodingHedgehog\android\AndroidManifest.xml:7:5-67
	android:name
		ADDED from CodingHedgehog\android\AndroidManifest.xml:7:22-64
uses-permission#android.permission.ACCESS_NETWORK_STATE
ADDED from CodingHedgehog\android\AndroidManifest.xml:8:5-79
	android:name
		ADDED from CodingHedgehog\android\AndroidManifest.xml:8:22-76
uses-feature#android.hardware.camera
ADDED from CodingHedgehog\android\AndroidManifest.xml:10:5-60
	android:name
		ADDED from CodingHedgehog\android\AndroidManifest.xml:10:19-57
uses-feature#android.hardware.camera.autofocus
ADDED from CodingHedgehog\android\AndroidManifest.xml:11:5-70
	android:name
		ADDED from CodingHedgehog\android\AndroidManifest.xml:11:19-67
uses-permission#android.permission.WRITE_EXTERNAL_STORAGE
ADDED from CodingHedgehog\android\AndroidManifest.xml:13:5-81
	android:name
		ADDED from CodingHedgehog\android\AndroidManifest.xml:13:22-78
uses-permission#android.permission.READ_EXTERNAL_STORAGE
ADDED from CodingHedgehog\android\AndroidManifest.xml:14:5-80
	android:name
		ADDED from CodingHedgehog\android\AndroidManifest.xml:14:22-77
uses-permission#android.permission.RECORD_AUDIO
ADDED from CodingHedgehog\android\AndroidManifest.xml:15:5-71
	android:name
		ADDED from CodingHedgehog\android\AndroidManifest.xml:15:22-68
uses-permission#android.permission.VIBRATE
ADDED from CodingHedgehog\android\AndroidManifest.xml:16:5-66
	android:name
		ADDED from CodingHedgehog\android\AndroidManifest.xml:16:22-63
uses-permission#android.permission.WAKE_LOCK
ADDED from CodingHedgehog\android\AndroidManifest.xml:17:5-68
	android:name
		ADDED from CodingHedgehog\android\AndroidManifest.xml:17:22-65
uses-permission#android.permission.RECEIVE_BOOT_COMPLETED
ADDED from CodingHedgehog\android\AndroidManifest.xml:18:5-81
	android:name
		ADDED from CodingHedgehog\android\AndroidManifest.xml:18:22-78
uses-permission#android.permission.ACCESS_NOTIFICATION_POLICY
ADDED from CodingHedgehog\android\AndroidManifest.xml:19:5-85
	android:name
		ADDED from CodingHedgehog\android\AndroidManifest.xml:19:22-82
uses-permission#android.permission.MODIFY_AUDIO_SETTINGS
ADDED from CodingHedgehog\android\AndroidManifest.xml:20:5-80
	android:name
		ADDED from CodingHedgehog\android\AndroidManifest.xml:20:22-77
application
ADDED from CodingHedgehog\android\AndroidManifest.xml:22:5-76:19
MERGED from [org.tensorflow:tensorflow-android:1.13.1] AndroidManifest.xml:5:5-6:19
MERGED from [org.tensorflow:tensorflow-android:1.13.1] AndroidManifest.xml:5:5-6:19
MERGED from [com.google.android.material:material:1.2.0-alpha05] AndroidManifest.xml:22:5-20
MERGED from [com.google.android.material:material:1.2.0-alpha05] AndroidManifest.xml:22:5-20
MERGED from [androidx.constraintlayout:constraintlayout:1.1.3] AndroidManifest.xml:9:5-20
MERGED from [androidx.constraintlayout:constraintlayout:1.1.3] AndroidManifest.xml:9:5-20
MERGED from [androidx.core:core:1.2.0] AndroidManifest.xml:24:5-89
MERGED from [androidx.core:core:1.2.0] AndroidManifest.xml:24:5-89
MERGED from [androidx.versionedparcelable:versionedparcelable:1.1.0] AndroidManifest.xml:24:5-25:19
MERGED from [androidx.versionedparcelable:versionedparcelable:1.1.0] AndroidManifest.xml:24:5-25:19
	android:requestLegacyExternalStorage
		ADDED from CodingHedgehog\android\AndroidManifest.xml:27:9-52
	android:supportsRtl
		ADDED from CodingHedgehog\android\AndroidManifest.xml:29:9-35
	android:label
		ADDED from CodingHedgehog\android\AndroidManifest.xml:26:9-41
	android:appComponentFactory
		ADDED from CodingHedgehog\android\AndroidManifest.xml:33:9-53
		REJECTED from [androidx.core:core:1.2.0] AndroidManifest.xml:24:18-86
	android:debuggable
		ADDED from CodingHedgehog\android\AndroidManifest.xml:24:9-34
	android:roundIcon
		ADDED from CodingHedgehog\android\AndroidManifest.xml:28:9-54
	android:icon
		ADDED from CodingHedgehog\android\AndroidManifest.xml:25:9-48
	android:allowBackup
		ADDED from CodingHedgehog\android\AndroidManifest.xml:23:9-35
	android:theme
		ADDED from CodingHedgehog\android\AndroidManifest.xml:30:9-40
	tools:replace
		ADDED from CodingHedgehog\android\AndroidManifest.xml:32:9-52
	android:usesCleartextTraffic
		ADDED from CodingHedgehog\android\AndroidManifest.xml:31:9-44
activity#org.tensorflow.demo.Search.TextSearchActivity
ADDED from CodingHedgehog\android\AndroidManifest.xml:34:9-37:56
	android:label
		ADDED from CodingHedgehog\android\AndroidManifest.xml:36:13-63
	android:theme
		ADDED from CodingHedgehog\android\AndroidManifest.xml:37:13-44
	android:name
		ADDED from CodingHedgehog\android\AndroidManifest.xml:35:13-54
activity#org.tensorflow.demo.Search.PillListActivity
ADDED from CodingHedgehog\android\AndroidManifest.xml:38:9-41:46
	android:label
		ADDED from CodingHedgehog\android\AndroidManifest.xml:40:13-61
	android:theme
		ADDED from CodingHedgehog\android\AndroidManifest.xml:41:13-44
	android:name
		ADDED from CodingHedgehog\android\AndroidManifest.xml:39:13-52
activity#org.tensorflow.demo.Search.PillDetailActivity
ADDED from CodingHedgehog\android\AndroidManifest.xml:42:9-44:66
	android:label
		ADDED from CodingHedgehog\android\AndroidManifest.xml:44:13-63
	android:name
		ADDED from CodingHedgehog\android\AndroidManifest.xml:43:13-54
activity#org.tensorflow.demo.DetectorActivity
ADDED from CodingHedgehog\android\AndroidManifest.xml:46:9-48:63
	android:label
		ADDED from CodingHedgehog\android\AndroidManifest.xml:48:13-60
	android:name
		ADDED from CodingHedgehog\android\AndroidManifest.xml:47:13-45
activity#org.tensorflow.demo.SplashActivity
ADDED from CodingHedgehog\android\AndroidManifest.xml:49:9-57:20
	android:theme
		ADDED from CodingHedgehog\android\AndroidManifest.xml:51:13-47
	android:name
		ADDED from CodingHedgehog\android\AndroidManifest.xml:50:13-43
intent-filter#action:name:android.intent.action.MAIN+category:name:android.intent.category.LAUNCHER
ADDED from CodingHedgehog\android\AndroidManifest.xml:52:13-56:29
action#android.intent.action.MAIN
ADDED from CodingHedgehog\android\AndroidManifest.xml:53:17-69
	android:name
		ADDED from CodingHedgehog\android\AndroidManifest.xml:53:25-66
category#android.intent.category.LAUNCHER
ADDED from CodingHedgehog\android\AndroidManifest.xml:55:17-77
	android:name
		ADDED from CodingHedgehog\android\AndroidManifest.xml:55:27-74
activity#org.tensorflow.demo.Search.MainActivity
ADDED from CodingHedgehog\android\AndroidManifest.xml:58:9-57
	android:name
		ADDED from CodingHedgehog\android\AndroidManifest.xml:58:19-54
activity#org.tensorflow.demo.Alarm.ui.AddEditAlarmActivity
ADDED from CodingHedgehog\android\AndroidManifest.xml:59:9-67
	android:name
		ADDED from CodingHedgehog\android\AndroidManifest.xml:59:19-64
activity#org.tensorflow.demo.Alarm.ui.AlarmLandingPageActivity
ADDED from CodingHedgehog\android\AndroidManifest.xml:60:9-62:60
	android:theme
		ADDED from CodingHedgehog\android\AndroidManifest.xml:62:13-57
	android:name
		ADDED from CodingHedgehog\android\AndroidManifest.xml:61:13-62
activity#org.tensorflow.demo.Cardnew1Activity
ADDED from CodingHedgehog\android\AndroidManifest.xml:63:9-54
	android:name
		ADDED from CodingHedgehog\android\AndroidManifest.xml:63:19-51
service#org.tensorflow.demo.Alarm.service.LoadAlarmsService
ADDED from CodingHedgehog\android\AndroidManifest.xml:64:9-68
	android:name
		ADDED from CodingHedgehog\android\AndroidManifest.xml:64:18-65
receiver#org.tensorflow.demo.Alarm.service.LoadAlarmsReceiver
ADDED from CodingHedgehog\android\AndroidManifest.xml:66:9-70
	android:name
		ADDED from CodingHedgehog\android\AndroidManifest.xml:66:19-67
receiver#org.tensorflow.demo.Alarm.service.AlarmReceiver
ADDED from CodingHedgehog\android\AndroidManifest.xml:67:9-65
	android:name
		ADDED from CodingHedgehog\android\AndroidManifest.xml:67:19-62
receiver#org.tensorflow.demo.Alarm.service.BootReceiver
ADDED from CodingHedgehog\android\AndroidManifest.xml:68:9-75:20
	android:enabled
		ADDED from CodingHedgehog\android\AndroidManifest.xml:70:13-35
	android:exported
		ADDED from CodingHedgehog\android\AndroidManifest.xml:71:13-36
	android:name
		ADDED from CodingHedgehog\android\AndroidManifest.xml:69:13-55
intent-filter#action:name:android.intent.action.BOOT_COMPLETED
ADDED from CodingHedgehog\android\AndroidManifest.xml:72:13-74:29
	android:priority
		ADDED from CodingHedgehog\android\AndroidManifest.xml:72:28-49
action#android.intent.action.BOOT_COMPLETED
ADDED from CodingHedgehog\android\AndroidManifest.xml:73:17-79
	android:name
		ADDED from CodingHedgehog\android\AndroidManifest.xml:73:25-76
uses-sdk
INJECTED from CodingHedgehog\android\AndroidManifest.xml reason: use-sdk injection requested
INJECTED from CodingHedgehog\android\AndroidManifest.xml
INJECTED from CodingHedgehog\android\AndroidManifest.xml
MERGED from [com.google.android.material:material:1.2.0-alpha05] AndroidManifest.xml:20:5-44
MERGED from [com.google.android.material:material:1.2.0-alpha05] AndroidManifest.xml:20:5-44
MERGED from [androidx.appcompat:appcompat:1.1.0] AndroidManifest.xml:20:5-22:41
MERGED from [androidx.appcompat:appcompat:1.1.0] AndroidManifest.xml:20:5-22:41
MERGED from [androidx.constraintlayout:constraintlayout:1.1.3] AndroidManifest.xml:5:5-7:41
MERGED from [androidx.constraintlayout:constraintlayout:1.1.3] AndroidManifest.xml:5:5-7:41
MERGED from [androidx.legacy:legacy-support-v4:1.0.0] AndroidManifest.xml:20:5-44
MERGED from [androidx.legacy:legacy-support-v4:1.0.0] AndroidManifest.xml:20:5-44
MERGED from [androidx.viewpager2:viewpager2:1.0.0] AndroidManifest.xml:20:5-22:41
MERGED from [androidx.viewpager2:viewpager2:1.0.0] AndroidManifest.xml:20:5-22:41
MERGED from [androidx.recyclerview:recyclerview:1.1.0] AndroidManifest.xml:20:5-22:41
MERGED from [androidx.recyclerview:recyclerview:1.1.0] AndroidManifest.xml:20:5-22:41
MERGED from [androidx.legacy:legacy-support-core-ui:1.0.0] AndroidManifest.xml:20:5-44
MERGED from [androidx.legacy:legacy-support-core-ui:1.0.0] AndroidManifest.xml:20:5-44
MERGED from [androidx.legacy:legacy-support-core-utils:1.0.0] AndroidManifest.xml:20:5-44
MERGED from [androidx.legacy:legacy-support-core-utils:1.0.0] AndroidManifest.xml:20:5-44
MERGED from [androidx.media:media:1.0.0] AndroidManifest.xml:20:5-44
MERGED from [androidx.media:media:1.0.0] AndroidManifest.xml:20:5-44
MERGED from [androidx.coordinatorlayout:coordinatorlayout:1.1.0] AndroidManifest.xml:20:5-22:41
MERGED from [androidx.coordinatorlayout:coordinatorlayout:1.1.0] AndroidManifest.xml:20:5-22:41
MERGED from [androidx.transition:transition:1.2.0] AndroidManifest.xml:20:5-22:41
MERGED from [androidx.transition:transition:1.2.0] AndroidManifest.xml:20:5-22:41
MERGED from [androidx.appcompat:appcompat-resources:1.1.0] AndroidManifest.xml:20:5-22:41
MERGED from [androidx.appcompat:appcompat-resources:1.1.0] AndroidManifest.xml:20:5-22:41
MERGED from [androidx.vectordrawable:vectordrawable-animated:1.1.0] AndroidManifest.xml:20:5-22:41
MERGED from [androidx.vectordrawable:vectordrawable-animated:1.1.0] AndroidManifest.xml:20:5-22:41
MERGED from [androidx.vectordrawable:vectordrawable:1.1.0] AndroidManifest.xml:20:5-22:41
MERGED from [androidx.vectordrawable:vectordrawable:1.1.0] AndroidManifest.xml:20:5-22:41
MERGED from [androidx.fragment:fragment:1.1.0] AndroidManifest.xml:20:5-22:41
MERGED from [androidx.fragment:fragment:1.1.0] AndroidManifest.xml:20:5-22:41
MERGED from [androidx.loader:loader:1.0.0] AndroidManifest.xml:20:5-44
MERGED from [androidx.loader:loader:1.0.0] AndroidManifest.xml:20:5-44
MERGED from [androidx.viewpager:viewpager:1.0.0] AndroidManifest.xml:20:5-44
MERGED from [androidx.viewpager:viewpager:1.0.0] AndroidManifest.xml:20:5-44
MERGED from [androidx.drawerlayout:drawerlayout:1.0.0] AndroidManifest.xml:20:5-44
MERGED from [androidx.drawerlayout:drawerlayout:1.0.0] AndroidManifest.xml:20:5-44
MERGED from [androidx.slidingpanelayout:slidingpanelayout:1.0.0] AndroidManifest.xml:20:5-44
MERGED from [androidx.slidingpanelayout:slidingpanelayout:1.0.0] AndroidManifest.xml:20:5-44
MERGED from [androidx.customview:customview:1.0.0] AndroidManifest.xml:20:5-44
MERGED from [androidx.customview:customview:1.0.0] AndroidManifest.xml:20:5-44
MERGED from [androidx.swiperefreshlayout:swiperefreshlayout:1.0.0] AndroidManifest.xml:20:5-44
MERGED from [androidx.swiperefreshlayout:swiperefreshlayout:1.0.0] AndroidManifest.xml:20:5-44
MERGED from [androidx.asynclayoutinflater:asynclayoutinflater:1.0.0] AndroidManifest.xml:20:5-44
MERGED from [androidx.asynclayoutinflater:asynclayoutinflater:1.0.0] AndroidManifest.xml:20:5-44
MERGED from [androidx.activity:activity:1.0.0] AndroidManifest.xml:20:5-22:41
MERGED from [androidx.activity:activity:1.0.0] AndroidManifest.xml:20:5-22:41
MERGED from [androidx.core:core:1.2.0] AndroidManifest.xml:20:5-22:41
MERGED from [androidx.core:core:1.2.0] AndroidManifest.xml:20:5-22:41
MERGED from [androidx.cardview:cardview:1.0.0] AndroidManifest.xml:20:5-44
MERGED from [androidx.cardview:cardview:1.0.0] AndroidManifest.xml:20:5-44
MERGED from [androidx.documentfile:documentfile:1.0.0] AndroidManifest.xml:20:5-44
MERGED from [androidx.documentfile:documentfile:1.0.0] AndroidManifest.xml:20:5-44
MERGED from [androidx.localbroadcastmanager:localbroadcastmanager:1.0.0] AndroidManifest.xml:20:5-44
MERGED from [androidx.localbroadcastmanager:localbroadcastmanager:1.0.0] AndroidManifest.xml:20:5-44
MERGED from [androidx.print:print:1.0.0] AndroidManifest.xml:20:5-44
MERGED from [androidx.print:print:1.0.0] AndroidManifest.xml:20:5-44
MERGED from [androidx.interpolator:interpolator:1.0.0] AndroidManifest.xml:20:5-44
MERGED from [androidx.interpolator:interpolator:1.0.0] AndroidManifest.xml:20:5-44
MERGED from [androidx.cursoradapter:cursoradapter:1.0.0] AndroidManifest.xml:20:5-44
MERGED from [androidx.cursoradapter:cursoradapter:1.0.0] AndroidManifest.xml:20:5-44
MERGED from [androidx.versionedparcelable:versionedparcelable:1.1.0] AndroidManifest.xml:20:5-22:41
MERGED from [androidx.versionedparcelable:versionedparcelable:1.1.0] AndroidManifest.xml:20:5-22:41
MERGED from [androidx.lifecycle:lifecycle-livedata:2.0.0] AndroidManifest.xml:20:5-44
MERGED from [androidx.lifecycle:lifecycle-livedata:2.0.0] AndroidManifest.xml:20:5-44
MERGED from [androidx.lifecycle:lifecycle-livedata-core:2.0.0] AndroidManifest.xml:20:5-44
MERGED from [androidx.lifecycle:lifecycle-livedata-core:2.0.0] AndroidManifest.xml:20:5-44
MERGED from [androidx.arch.core:core-runtime:2.0.0] AndroidManifest.xml:20:5-44
MERGED from [androidx.arch.core:core-runtime:2.0.0] AndroidManifest.xml:20:5-44
MERGED from [androidx.lifecycle:lifecycle-runtime:2.1.0] AndroidManifest.xml:20:5-44
MERGED from [androidx.lifecycle:lifecycle-runtime:2.1.0] AndroidManifest.xml:20:5-44
MERGED from [androidx.lifecycle:lifecycle-viewmodel:2.1.0] AndroidManifest.xml:20:5-44
MERGED from [androidx.lifecycle:lifecycle-viewmodel:2.1.0] AndroidManifest.xml:20:5-44
MERGED from [androidx.savedstate:savedstate:1.0.0] AndroidManifest.xml:20:5-22:41
MERGED from [androidx.savedstate:savedstate:1.0.0] AndroidManifest.xml:20:5-22:41
MERGED from [androidx.annotation:annotation-experimental:1.0.0] AndroidManifest.xml:20:5-22:41
MERGED from [androidx.annotation:annotation-experimental:1.0.0] AndroidManifest.xml:20:5-22:41
INJECTED from CodingHedgehog\android\AndroidManifest.xml
INJECTED from CodingHedgehog\android\AndroidManifest.xml
	android:targetSdkVersion
		INJECTED from CodingHedgehog\android\AndroidManifest.xml
		ADDED from CodingHedgehog\android\AndroidManifest.xml
		INJECTED from CodingHedgehog\android\AndroidManifest.xml
	android:minSdkVersion
		INJECTED from CodingHedgehog\android\AndroidManifest.xml
		ADDED from CodingHedgehog\android\AndroidManifest.xml
		INJECTED from CodingHedgehog\android\AndroidManifest.xml
uses-permission#android.permission.READ_PHONE_STATE
IMPLIED from CodingHedgehog\android\AndroidManifest.xml:2:1-78:12 reason: tensorflow.contrib.android has a targetSdkVersion < 4